INFO:root:Starting Simple Budget database
DEBUG:root:Initializing database
INFO:sqlalchemy.engine.Engine:select pg_catalog.version()
INFO:sqlalchemy.engine.Engine:[raw sql] {}
INFO:sqlalchemy.engine.Engine:select current_schema()
INFO:sqlalchemy.engine.Engine:[raw sql] {}
INFO:sqlalchemy.engine.Engine:show standard_conforming_strings
INFO:sqlalchemy.engine.Engine:[raw sql] {}
INFO:sqlalchemy.engine.Engine:BEGIN (implicit)
INFO:sqlalchemy.engine.Engine:select relname from pg_class c join pg_namespace n on n.oid=c.relnamespace where pg_catalog.pg_table_is_visible(c.oid) and relname=%(name)s
INFO:sqlalchemy.engine.Engine:[generated in 0.00029s] {'name': 'expenses'}
INFO:sqlalchemy.engine.Engine:select relname from pg_class c join pg_namespace n on n.oid=c.relnamespace where pg_catalog.pg_table_is_visible(c.oid) and relname=%(name)s
INFO:sqlalchemy.engine.Engine:[cached since 0.003091s ago] {'name': 'income'}
INFO:sqlalchemy.engine.Engine:select relname from pg_class c join pg_namespace n on n.oid=c.relnamespace where pg_catalog.pg_table_is_visible(c.oid) and relname=%(name)s
INFO:sqlalchemy.engine.Engine:[cached since 0.004325s ago] {'name': 'recreational'}
INFO:sqlalchemy.engine.Engine:select relname from pg_class c join pg_namespace n on n.oid=c.relnamespace where pg_catalog.pg_table_is_visible(c.oid) and relname=%(name)s
INFO:sqlalchemy.engine.Engine:[cached since 0.005543s ago] {'name': 'savings'}
INFO:sqlalchemy.engine.Engine:select relname from pg_class c join pg_namespace n on n.oid=c.relnamespace where pg_catalog.pg_table_is_visible(c.oid) and relname=%(name)s
INFO:sqlalchemy.engine.Engine:[cached since 0.006699s ago] {'name': 'users'}
INFO:sqlalchemy.engine.Engine:COMMIT
DEBUG:root:Successfully initialized tables.
